<?xml version="1.0" encoding="UTF-8" ?>
<testsuite failures="0" time="1.934" errors="0" skipped="0" tests="2" name="opennlp.tools.postag.POSTaggerMETest">
  <properties>
    <property name="java.runtime.name" value="Java(TM) SE Runtime Environment"/>
    <property name="sun.boot.library.path" value="C:\Users\Yarko\Desktop\Programs\eclipse-jee-kepler-SR1-win32-x86_64\eclipse\jdk\jre\bin"/>
    <property name="java.vm.version" value="24.45-b08"/>
    <property name="java.vm.vendor" value="Oracle Corporation"/>
    <property name="java.vendor.url" value="http://java.oracle.com/"/>
    <property name="path.separator" value=";"/>
    <property name="guice.disable.misplaced.annotation.check" value="true"/>
    <property name="java.vm.name" value="Java HotSpot(TM) 64-Bit Server VM"/>
    <property name="file.encoding.pkg" value="sun.io"/>
    <property name="user.script" value=""/>
    <property name="user.country" value="CA"/>
    <property name="sun.java.launcher" value="SUN_STANDARD"/>
    <property name="sun.os.patch.level" value="Service Pack 1"/>
    <property name="java.vm.specification.name" value="Java Virtual Machine Specification"/>
    <property name="user.dir" value="C:\Users\Yarko\assignment2\drunkbot\OpenNLP\opennlp"/>
    <property name="java.runtime.version" value="1.7.0_45-b18"/>
    <property name="java.awt.graphicsenv" value="sun.awt.Win32GraphicsEnvironment"/>
    <property name="java.endorsed.dirs" value="C:\Users\Yarko\Desktop\Programs\eclipse-jee-kepler-SR1-win32-x86_64\eclipse\jdk\jre\lib\endorsed"/>
    <property name="os.arch" value="amd64"/>
    <property name="java.io.tmpdir" value="C:\Users\Yarko\AppData\Local\Temp\"/>
    <property name="line.separator" value="
"/>
    <property name="java.vm.specification.vendor" value="Oracle Corporation"/>
    <property name="user.variant" value=""/>
    <property name="os.name" value="Windows 7"/>
    <property name="classworlds.conf" value="C:\Program Files (x86)\apache-maven-3.1.1-bin\apache-maven-3.1.1\bin\..\bin\m2.conf"/>
    <property name="sun.jnu.encoding" value="Cp1252"/>
    <property name="java.library.path" value="C:\Users\Yarko\Desktop\Programs\eclipse-jee-kepler-SR1-win32-x86_64\eclipse\jdk\bin;C:\Windows\Sun\Java\bin;C:\Windows\system32;C:\Windows;C:\Users\Yarko\Desktop\Programs\eclipse-jee-kepler-SR1-win32-x86_64\eclipse\jdk\bin\;C:\Program Files\MATLAB\R2011a\runtime\win64;C:\Program Files\MATLAB\R2011a\bin;C:\Program Files (x86)\apache-maven-3.1.1-bin\apache-maven-3.1.1\bin;."/>
    <property name="java.specification.name" value="Java Platform API Specification"/>
    <property name="java.class.version" value="51.0"/>
    <property name="sun.management.compiler" value="HotSpot 64-Bit Tiered Compilers"/>
    <property name="os.version" value="6.1"/>
    <property name="user.home" value="C:\Users\Yarko"/>
    <property name="user.timezone" value="America/Los_Angeles"/>
    <property name="java.awt.printerjob" value="sun.awt.windows.WPrinterJob"/>
    <property name="java.specification.version" value="1.7"/>
    <property name="file.encoding" value="Cp1252"/>
    <property name="user.name" value="Yarko"/>
    <property name="java.class.path" value="C:\Program Files (x86)\apache-maven-3.1.1-bin\apache-maven-3.1.1\bin\..\boot\plexus-classworlds-2.5.1.jar"/>
    <property name="org.slf4j.simpleLogger.defaultLogLevel" value="info"/>
    <property name="java.vm.specification.version" value="1.7"/>
    <property name="sun.arch.data.model" value="64"/>
    <property name="java.home" value="C:\Users\Yarko\Desktop\Programs\eclipse-jee-kepler-SR1-win32-x86_64\eclipse\jdk\jre"/>
    <property name="sun.java.command" value="org.codehaus.plexus.classworlds.launcher.Launcher clean install"/>
    <property name="java.specification.vendor" value="Oracle Corporation"/>
    <property name="user.language" value="en"/>
    <property name="awt.toolkit" value="sun.awt.windows.WToolkit"/>
    <property name="java.vm.info" value="mixed mode"/>
    <property name="java.version" value="1.7.0_45"/>
    <property name="java.ext.dirs" value="C:\Users\Yarko\Desktop\Programs\eclipse-jee-kepler-SR1-win32-x86_64\eclipse\jdk\jre\lib\ext;C:\Windows\Sun\Java\lib\ext"/>
    <property name="sun.boot.class.path" value="C:\Users\Yarko\Desktop\Programs\eclipse-jee-kepler-SR1-win32-x86_64\eclipse\jdk\jre\lib\resources.jar;C:\Users\Yarko\Desktop\Programs\eclipse-jee-kepler-SR1-win32-x86_64\eclipse\jdk\jre\lib\rt.jar;C:\Users\Yarko\Desktop\Programs\eclipse-jee-kepler-SR1-win32-x86_64\eclipse\jdk\jre\lib\sunrsasign.jar;C:\Users\Yarko\Desktop\Programs\eclipse-jee-kepler-SR1-win32-x86_64\eclipse\jdk\jre\lib\jsse.jar;C:\Users\Yarko\Desktop\Programs\eclipse-jee-kepler-SR1-win32-x86_64\eclipse\jdk\jre\lib\jce.jar;C:\Users\Yarko\Desktop\Programs\eclipse-jee-kepler-SR1-win32-x86_64\eclipse\jdk\jre\lib\charsets.jar;C:\Users\Yarko\Desktop\Programs\eclipse-jee-kepler-SR1-win32-x86_64\eclipse\jdk\jre\lib\jfr.jar;C:\Users\Yarko\Desktop\Programs\eclipse-jee-kepler-SR1-win32-x86_64\eclipse\jdk\jre\classes"/>
    <property name="java.vendor" value="Oracle Corporation"/>
    <property name="maven.home" value="C:\Program Files (x86)\apache-maven-3.1.1-bin\apache-maven-3.1.1\bin\.."/>
    <property name="file.separator" value="\"/>
    <property name="java.vendor.url.bug" value="http://bugreport.sun.com/bugreport/"/>
    <property name="sun.cpu.endian" value="little"/>
    <property name="sun.io.unicode.encoding" value="UnicodeLittle"/>
    <property name="sun.desktop" value="windows"/>
    <property name="sun.cpu.isalist" value="amd64"/>
  </properties>
  <testcase time="1.924" classname="opennlp.tools.postag.POSTaggerMETest" name="testPOSTagger"/>
  <testcase time="0.009" classname="opennlp.tools.postag.POSTaggerMETest" name="testBuildNGramDictionary"/>
</testsuite>